

Started GET "/" for 192.168.1.2 at 2013-09-21 00:05:39 -0700
Processing by Rails::WelcomeController#index as HTML
  Rendered /home/jason/.rvm/gems/ruby-2.0.0-p247/gems/railties-4.0.0/lib/rails/templates/rails/welcome/index.html.erb (5.8ms)
Completed 200 OK in 143ms (Views: 67.1ms | ActiveRecord: 0.0ms)


Started GET "/Pages/" for 192.168.1.2 at 2013-09-21 00:05:46 -0700

ActionController::RoutingError (No route matches [GET] "/Pages"):
  actionpack (4.0.0) lib/action_dispatch/middleware/debug_exceptions.rb:21:in `call'
  actionpack (4.0.0) lib/action_dispatch/middleware/show_exceptions.rb:30:in `call'
  railties (4.0.0) lib/rails/rack/logger.rb:38:in `call_app'
  railties (4.0.0) lib/rails/rack/logger.rb:21:in `block in call'
  activesupport (4.0.0) lib/active_support/tagged_logging.rb:67:in `block in tagged'
  activesupport (4.0.0) lib/active_support/tagged_logging.rb:25:in `tagged'
  activesupport (4.0.0) lib/active_support/tagged_logging.rb:67:in `tagged'
  railties (4.0.0) lib/rails/rack/logger.rb:21:in `call'
  actionpack (4.0.0) lib/action_dispatch/middleware/request_id.rb:21:in `call'
  rack (1.5.2) lib/rack/methodoverride.rb:21:in `call'
  rack (1.5.2) lib/rack/runtime.rb:17:in `call'
  activesupport (4.0.0) lib/active_support/cache/strategy/local_cache.rb:83:in `call'
  rack (1.5.2) lib/rack/lock.rb:17:in `call'
  actionpack (4.0.0) lib/action_dispatch/middleware/static.rb:64:in `call'
  railties (4.0.0) lib/rails/engine.rb:511:in `call'
  railties (4.0.0) lib/rails/application.rb:97:in `call'
  rack (1.5.2) lib/rack/lock.rb:17:in `call'
  rack (1.5.2) lib/rack/content_length.rb:14:in `call'
  rack (1.5.2) lib/rack/handler/webrick.rb:60:in `service'
  /home/jason/.rvm/rubies/ruby-2.0.0-p247/lib/ruby/2.0.0/webrick/httpserver.rb:138:in `service'
  /home/jason/.rvm/rubies/ruby-2.0.0-p247/lib/ruby/2.0.0/webrick/httpserver.rb:94:in `run'
  /home/jason/.rvm/rubies/ruby-2.0.0-p247/lib/ruby/2.0.0/webrick/server.rb:295:in `block in start_thread'


  Rendered /home/jason/.rvm/gems/ruby-2.0.0-p247/gems/actionpack-4.0.0/lib/action_dispatch/middleware/templates/rescues/_trace.erb (5.1ms)
  Rendered /home/jason/.rvm/gems/ruby-2.0.0-p247/gems/actionpack-4.0.0/lib/action_dispatch/middleware/templates/routes/_route.html.erb (4.1ms)
  Rendered /home/jason/.rvm/gems/ruby-2.0.0-p247/gems/actionpack-4.0.0/lib/action_dispatch/middleware/templates/routes/_table.html.erb (18.2ms)
  Rendered /home/jason/.rvm/gems/ruby-2.0.0-p247/gems/actionpack-4.0.0/lib/action_dispatch/middleware/templates/rescues/routing_error.erb within rescues/layout (91.4ms)


Started GET "/Pages/home" for 192.168.1.2 at 2013-09-21 00:05:52 -0700

ActionController::RoutingError (No route matches [GET] "/Pages/home"):
  actionpack (4.0.0) lib/action_dispatch/middleware/debug_exceptions.rb:21:in `call'
  actionpack (4.0.0) lib/action_dispatch/middleware/show_exceptions.rb:30:in `call'
  railties (4.0.0) lib/rails/rack/logger.rb:38:in `call_app'
  railties (4.0.0) lib/rails/rack/logger.rb:21:in `block in call'
  activesupport (4.0.0) lib/active_support/tagged_logging.rb:67:in `block in tagged'
  activesupport (4.0.0) lib/active_support/tagged_logging.rb:25:in `tagged'
  activesupport (4.0.0) lib/active_support/tagged_logging.rb:67:in `tagged'
  railties (4.0.0) lib/rails/rack/logger.rb:21:in `call'
  actionpack (4.0.0) lib/action_dispatch/middleware/request_id.rb:21:in `call'
  rack (1.5.2) lib/rack/methodoverride.rb:21:in `call'
  rack (1.5.2) lib/rack/runtime.rb:17:in `call'
  activesupport (4.0.0) lib/active_support/cache/strategy/local_cache.rb:83:in `call'
  rack (1.5.2) lib/rack/lock.rb:17:in `call'
  actionpack (4.0.0) lib/action_dispatch/middleware/static.rb:64:in `call'
  railties (4.0.0) lib/rails/engine.rb:511:in `call'
  railties (4.0.0) lib/rails/application.rb:97:in `call'
  rack (1.5.2) lib/rack/lock.rb:17:in `call'
  rack (1.5.2) lib/rack/content_length.rb:14:in `call'
  rack (1.5.2) lib/rack/handler/webrick.rb:60:in `service'
  /home/jason/.rvm/rubies/ruby-2.0.0-p247/lib/ruby/2.0.0/webrick/httpserver.rb:138:in `service'
  /home/jason/.rvm/rubies/ruby-2.0.0-p247/lib/ruby/2.0.0/webrick/httpserver.rb:94:in `run'
  /home/jason/.rvm/rubies/ruby-2.0.0-p247/lib/ruby/2.0.0/webrick/server.rb:295:in `block in start_thread'


  Rendered /home/jason/.rvm/gems/ruby-2.0.0-p247/gems/actionpack-4.0.0/lib/action_dispatch/middleware/templates/rescues/_trace.erb (5.3ms)
  Rendered /home/jason/.rvm/gems/ruby-2.0.0-p247/gems/actionpack-4.0.0/lib/action_dispatch/middleware/templates/routes/_route.html.erb (4.4ms)
  Rendered /home/jason/.rvm/gems/ruby-2.0.0-p247/gems/actionpack-4.0.0/lib/action_dispatch/middleware/templates/routes/_table.html.erb (5.1ms)
  Rendered /home/jason/.rvm/gems/ruby-2.0.0-p247/gems/actionpack-4.0.0/lib/action_dispatch/middleware/templates/rescues/routing_error.erb within rescues/layout (70.5ms)


Started GET "/pages/home" for 192.168.1.2 at 2013-09-21 00:06:05 -0700
Processing by PagesController#home as HTML
  Rendered pages/home.html.erb within layouts/application (1.6ms)
Completed 200 OK in 2060ms (Views: 1987.3ms | ActiveRecord: 0.0ms)


Started GET "/assets/application.css?body=1" for 192.168.1.2 at 2013-09-21 00:06:07 -0700


Started GET "/assets/jquery.js?body=1" for 192.168.1.2 at 2013-09-21 00:06:07 -0700


Started GET "/assets/pages.css?body=1" for 192.168.1.2 at 2013-09-21 00:06:07 -0700


Started GET "/assets/jquery_ujs.js?body=1" for 192.168.1.2 at 2013-09-21 00:06:07 -0700


Started GET "/assets/turbolinks.js?body=1" for 192.168.1.2 at 2013-09-21 00:06:07 -0700


Started GET "/assets/pages.js?body=1" for 192.168.1.2 at 2013-09-21 00:06:07 -0700


Started GET "/assets/application.js?body=1" for 192.168.1.2 at 2013-09-21 00:06:07 -0700


Started GET "/pages/home" for 192.168.1.2 at 2013-09-21 00:07:16 -0700
Processing by PagesController#home as HTML
  Rendered pages/home.html.erb within layouts/application (4.0ms)
Completed 200 OK in 225ms (Views: 142.7ms | ActiveRecord: 0.0ms)


Started GET "/assets/application.css?body=1" for 192.168.1.2 at 2013-09-21 00:07:17 -0700


Started GET "/assets/pages.css?body=1" for 192.168.1.2 at 2013-09-21 00:07:17 -0700


Started GET "/assets/jquery.js?body=1" for 192.168.1.2 at 2013-09-21 00:07:17 -0700


Started GET "/assets/jquery_ujs.js?body=1" for 192.168.1.2 at 2013-09-21 00:07:17 -0700


Started GET "/assets/turbolinks.js?body=1" for 192.168.1.2 at 2013-09-21 00:07:17 -0700


Started GET "/assets/pages.js?body=1" for 192.168.1.2 at 2013-09-21 00:07:17 -0700


Started GET "/assets/application.js?body=1" for 192.168.1.2 at 2013-09-21 00:07:17 -0700


Started GET "/" for 192.168.1.2 at 2013-09-21 00:07:19 -0700
Processing by PagesController#home as HTML
  Rendered pages/home.html.erb within layouts/application (0.4ms)
Completed 200 OK in 28ms (Views: 24.8ms | ActiveRecord: 0.0ms)


Started GET "/assets/jquery.js?body=1" for 192.168.1.2 at 2013-09-21 00:07:19 -0700


Started GET "/assets/pages.css?body=1" for 192.168.1.2 at 2013-09-21 00:07:19 -0700


Started GET "/assets/application.css?body=1" for 192.168.1.2 at 2013-09-21 00:07:19 -0700


Started GET "/assets/jquery_ujs.js?body=1" for 192.168.1.2 at 2013-09-21 00:07:19 -0700


Started GET "/assets/turbolinks.js?body=1" for 192.168.1.2 at 2013-09-21 00:07:19 -0700


Started GET "/assets/pages.js?body=1" for 192.168.1.2 at 2013-09-21 00:07:19 -0700


Started GET "/assets/application.js?body=1" for 192.168.1.2 at 2013-09-21 00:07:19 -0700


Started GET "/" for 192.168.1.2 at 2013-09-21 00:11:56 -0700
Processing by PagesController#home as HTML
  Rendered pages/home.html.erb within layouts/application (0.3ms)
Completed 200 OK in 79ms (Views: 76.6ms | ActiveRecord: 0.0ms)


Started GET "/assets/application.css?body=1" for 192.168.1.2 at 2013-09-21 00:11:56 -0700


Started GET "/assets/pages.css?body=1" for 192.168.1.2 at 2013-09-21 00:11:56 -0700


Started GET "/assets/jquery.js?body=1" for 192.168.1.2 at 2013-09-21 00:11:56 -0700


Started GET "/assets/jquery_ujs.js?body=1" for 192.168.1.2 at 2013-09-21 00:11:56 -0700


Started GET "/assets/turbolinks.js?body=1" for 192.168.1.2 at 2013-09-21 00:11:56 -0700


Started GET "/assets/pages.js?body=1" for 192.168.1.2 at 2013-09-21 00:11:56 -0700


Started GET "/assets/application.js?body=1" for 192.168.1.2 at 2013-09-21 00:11:57 -0700


Started GET "/" for 192.168.1.2 at 2013-09-21 00:12:09 -0700
Processing by PagesController#home as HTML
  Rendered pages/home.html.erb within layouts/application (0.3ms)
Completed 200 OK in 26ms (Views: 22.6ms | ActiveRecord: 0.0ms)


Started GET "/assets/application.css?body=1" for 192.168.1.2 at 2013-09-21 00:12:09 -0700


Started GET "/assets/pages.css?body=1" for 192.168.1.2 at 2013-09-21 00:12:09 -0700


Started GET "/assets/jquery_ujs.js?body=1" for 192.168.1.2 at 2013-09-21 00:12:09 -0700


Started GET "/assets/jquery.js?body=1" for 192.168.1.2 at 2013-09-21 00:12:09 -0700


Started GET "/assets/turbolinks.js?body=1" for 192.168.1.2 at 2013-09-21 00:12:09 -0700


Started GET "/assets/pages.js?body=1" for 192.168.1.2 at 2013-09-21 00:12:09 -0700


Started GET "/assets/application.js?body=1" for 192.168.1.2 at 2013-09-21 00:12:09 -0700
  [1m[36m (222.1ms)[0m  [1mCREATE TABLE "schema_migrations" ("version" varchar(255) NOT NULL) [0m
  [1m[35m (255.6ms)[0m  CREATE UNIQUE INDEX "unique_schema_migrations" ON "schema_migrations" ("version")
  [1m[36mActiveRecord::SchemaMigration Load (0.5ms)[0m  [1mSELECT "schema_migrations".* FROM "schema_migrations"[0m
  [1m[36m (437.5ms)[0m  [1mCREATE TABLE "schema_migrations" ("version" varchar(255) NOT NULL) [0m
  [1m[35m (221.6ms)[0m  CREATE UNIQUE INDEX "unique_schema_migrations" ON "schema_migrations" ("version")
  [1m[36m (0.6ms)[0m  [1mSELECT version FROM "schema_migrations"[0m
  [1m[35m (210.1ms)[0m  INSERT INTO "schema_migrations" (version) VALUES ('0')
  [1m[36mActiveRecord::SchemaMigration Load (0.5ms)[0m  [1mSELECT "schema_migrations".* FROM "schema_migrations"[0m
  [1m[36m (247.3ms)[0m  [1mCREATE TABLE "schema_migrations" ("version" varchar(255) NOT NULL) [0m
  [1m[35m (199.3ms)[0m  CREATE UNIQUE INDEX "unique_schema_migrations" ON "schema_migrations" ("version")
  [1m[36m (0.5ms)[0m  [1mSELECT version FROM "schema_migrations"[0m
  [1m[35m (199.1ms)[0m  INSERT INTO "schema_migrations" (version) VALUES ('0')
  [1m[36mActiveRecord::SchemaMigration Load (0.5ms)[0m  [1mSELECT "schema_migrations".* FROM "schema_migrations"[0m
  [1m[36m (217.9ms)[0m  [1mCREATE TABLE "schema_migrations" ("version" varchar(255) NOT NULL) [0m
  [1m[35m (198.6ms)[0m  CREATE UNIQUE INDEX "unique_schema_migrations" ON "schema_migrations" ("version")
  [1m[36m (0.7ms)[0m  [1mSELECT version FROM "schema_migrations"[0m
  [1m[35m (198.6ms)[0m  INSERT INTO "schema_migrations" (version) VALUES ('0')
  [1m[36mActiveRecord::SchemaMigration Load (0.5ms)[0m  [1mSELECT "schema_migrations".* FROM "schema_migrations"[0m
  [1m[36m (221.9ms)[0m  [1mCREATE TABLE "schema_migrations" ("version" varchar(255) NOT NULL) [0m
  [1m[35m (233.6ms)[0m  CREATE UNIQUE INDEX "unique_schema_migrations" ON "schema_migrations" ("version")
  [1m[36m (0.7ms)[0m  [1mSELECT version FROM "schema_migrations"[0m
  [1m[35m (220.8ms)[0m  INSERT INTO "schema_migrations" (version) VALUES ('0')
  [1m[36mActiveRecord::SchemaMigration Load (0.5ms)[0m  [1mSELECT "schema_migrations".* FROM "schema_migrations"[0m
  [1m[36m (201.2ms)[0m  [1mCREATE TABLE "schema_migrations" ("version" varchar(255) NOT NULL) [0m
  [1m[35m (243.1ms)[0m  CREATE UNIQUE INDEX "unique_schema_migrations" ON "schema_migrations" ("version")
  [1m[36m (0.7ms)[0m  [1mSELECT version FROM "schema_migrations"[0m
  [1m[35m (242.9ms)[0m  INSERT INTO "schema_migrations" (version) VALUES ('0')
  [1m[36mActiveRecord::SchemaMigration Load (0.5ms)[0m  [1mSELECT "schema_migrations".* FROM "schema_migrations"[0m


Started GET "/" for 192.168.1.2 at 2013-09-21 00:19:18 -0700
Processing by PagesController#home as HTML
  Rendered pages/home.html.erb within layouts/application (1.4ms)
Completed 200 OK in 24ms (Views: 20.1ms | ActiveRecord: 0.0ms)


Started GET "/assets/application.css?body=1" for 192.168.1.2 at 2013-09-21 00:19:18 -0700


Started GET "/assets/pages.css?body=1" for 192.168.1.2 at 2013-09-21 00:19:18 -0700


Started GET "/assets/jquery.js?body=1" for 192.168.1.2 at 2013-09-21 00:19:18 -0700


Started GET "/assets/jquery_ujs.js?body=1" for 192.168.1.2 at 2013-09-21 00:19:18 -0700


Started GET "/assets/turbolinks.js?body=1" for 192.168.1.2 at 2013-09-21 00:19:18 -0700


Started GET "/assets/pages.js?body=1" for 192.168.1.2 at 2013-09-21 00:19:18 -0700


Started GET "/assets/application.js?body=1" for 192.168.1.2 at 2013-09-21 00:19:18 -0700
  [1m[36m (209.6ms)[0m  [1mCREATE TABLE "schema_migrations" ("version" varchar(255) NOT NULL) [0m
  [1m[35m (176.3ms)[0m  CREATE UNIQUE INDEX "unique_schema_migrations" ON "schema_migrations" ("version")
  [1m[36m (0.7ms)[0m  [1mSELECT version FROM "schema_migrations"[0m
  [1m[35m (176.4ms)[0m  INSERT INTO "schema_migrations" (version) VALUES ('0')
  [1m[36mActiveRecord::SchemaMigration Load (0.5ms)[0m  [1mSELECT "schema_migrations".* FROM "schema_migrations"[0m
